Using pre-set license
Built from '2021.1/release' branch; Version is '2021.1.0f1 (61a549675243) revision 6399305'; Using compiler version '192528614'; Build Type 'Release'
OS: 'Windows 10 Home; OS build 19042.870; Version 2009; 64bit' Language: 'en' Physical Memory: 12156 MB
BatchMode: 1, IsHumanControllingUs: 0, StartBugReporterOnCrash: 0, Is64bit: 1, IsPro: 0

 COMMAND LINE ARGUMENTS:
C:\Program Files\Unity\Hub\Editor\2021.1.0f1\Editor\Unity.exe
-adb2
-batchMode
-noUpm
-name
AssetImportWorker0
-projectPath
C:/Users/willz/Documents/GitHub/Retribution
-logFile
Logs/AssetImportWorker0.log
-srvPort
50422
Successfully changed project path to: C:/Users/willz/Documents/GitHub/Retribution
C:/Users/willz/Documents/GitHub/Retribution
Using Asset Import Pipeline V2.
Refreshing native plugins compatible for Editor in 122.77 ms, found 2 plugins.
Preloading 0 native plugins for Editor in 0.00 ms.
Initialize engine version: 2021.1.0f1 (61a549675243)
[Subsystems] Discovering subsystems at path C:/Program Files/Unity/Hub/Editor/2021.1.0f1/Editor/Data/Resources/UnitySubsystems
[Subsystems] Discovering subsystems at path C:/Users/willz/Documents/GitHub/Retribution/Assets
GfxDevice: creating device client; threaded=0; jobified=0
Direct3D:
    Version:  Direct3D 11.0 [level 11.0]
    Renderer: NVIDIA GeForce 940MX (ID=0x134d)
    Vendor:   NVIDIA
    VRAM:     2010 MB
    Driver:   27.21.14.6192
Initialize mono
Mono path[0] = 'C:/Program Files/Unity/Hub/Editor/2021.1.0f1/Editor/Data/Managed'
Mono path[1] = 'C:/Program Files/Unity/Hub/Editor/2021.1.0f1/Editor/Data/MonoBleedingEdge/lib/mono/unityjit'
Mono config path = 'C:/Program Files/Unity/Hub/Editor/2021.1.0f1/Editor/Data/MonoBleedingEdge/etc'
Using monoOptions --debugger-agent=transport=dt_socket,embedding=1,server=y,suspend=n,address=127.0.0.1:56352
Begin MonoManager ReloadAssembly
Registering precompiled unity dll's ...
Register platform support module: C:/Program Files/Unity/Hub/Editor/2021.1.0f1/Editor/Data/PlaybackEngines/WindowsStandaloneSupport/UnityEditor.WindowsStandalone.Extensions.dll
Registered in 0.002523 seconds.
Native extension for WindowsStandalone target not found
Refreshing native plugins compatible for Editor in 117.86 ms, found 2 plugins.
Preloading 0 native plugins for Editor in 0.00 ms.
Mono: successfully reloaded assembly
- Completed reload, in  2.247 seconds
Platform modules already initialized, skipping
Registering precompiled user dll's ...
Registered in 0.004029 seconds.
Begin MonoManager ReloadAssembly
Native extension for WindowsStandalone target not found
Refreshing native plugins compatible for Editor in 117.76 ms, found 2 plugins.
Preloading 0 native plugins for Editor in 0.00 ms.
Mono: successfully reloaded assembly
- Completed reload, in  1.427 seconds
Platform modules already initialized, skipping
========================================================================
Worker process is ready to serve import requests
Launched and connected shader compiler UnityShaderCompiler.exe after 0.06 seconds
Refreshing native plugins compatible for Editor in 1.33 ms, found 2 plugins.
Preloading 0 native plugins for Editor in 0.00 ms.
Unloading 3367 Unused Serialized files (Serialized files now loaded: 0)
System memory in use before: 127.6 MB.
System memory in use after: 127.6 MB.

Unloading 29 unused Assets to reduce memory usage. Loaded Objects now: 3818.
Total: 3.808600 ms (FindLiveObjects: 0.416100 ms CreateObjectMapping: 0.276900 ms MarkObjects: 2.984600 ms  DeleteObjects: 0.129800 ms)

========================================================================
Received Import Request.
  path: Assets/Prefabs/placeholderForZombie.prefab
  artifactKey: Guid(4bd18c82a1bf1b9439dd20dc6caf8a79) Importer(815301076,1909f56bfc062723c751e8b465ee728b)
Start importing Assets/Prefabs/placeholderForZombie.prefab using Guid(4bd18c82a1bf1b9439dd20dc6caf8a79) Importer(815301076,1909f56bfc062723c751e8b465ee728b)  -> (artifact id: 'c0f7df78c27fb692b972cf8e2c5d0541') in 0.164875 seconds 
========================================================================
Received Import Request.
  Time since last request: 0.890200 seconds.
  path: Assets/Prefabs/placeholderForZombie.prefab
  artifactKey: Guid(4bd18c82a1bf1b9439dd20dc6caf8a79) Importer(815301076,1909f56bfc062723c751e8b465ee728b)
Start importing Assets/Prefabs/placeholderForZombie.prefab using Guid(4bd18c82a1bf1b9439dd20dc6caf8a79) Importer(815301076,1909f56bfc062723c751e8b465ee728b)  -> (artifact id: '488f1535e75241ce632c2f043e9e7602') in 0.021267 seconds 
========================================================================
Received Import Request.
  Time since last request: 32.964948 seconds.
  path: Assets/Prefabs/placeholderForZombie.prefab
  artifactKey: Guid(4bd18c82a1bf1b9439dd20dc6caf8a79) Importer(815301076,1909f56bfc062723c751e8b465ee728b)
Start importing Assets/Prefabs/placeholderForZombie.prefab using Guid(4bd18c82a1bf1b9439dd20dc6caf8a79) Importer(815301076,1909f56bfc062723c751e8b465ee728b)  -> (artifact id: '575f5e5bb4b03b496417fcec0f106621') in 0.023742 seconds 
========================================================================
Received Prepare
Registering precompiled user dll's ...
Registered in 0.004807 seconds.
Begin MonoManager ReloadAssembly
Native extension for WindowsStandalone target not found
Refreshing native plugins compatible for Editor in 1.05 ms, found 2 plugins.
Preloading 0 native plugins for Editor in 0.00 ms.
Mono: successfully reloaded assembly
- Completed reload, in  1.234 seconds
Platform modules already initialized, skipping
Refreshing native plugins compatible for Editor in 0.68 ms, found 2 plugins.
Preloading 0 native plugins for Editor in 0.00 ms.
Unloading 3362 Unused Serialized files (Serialized files now loaded: 0)
System memory in use before: 131.2 MB.
System memory in use after: 131.3 MB.

Unloading 17 unused Assets to reduce memory usage. Loaded Objects now: 3829.
Total: 3.112400 ms (FindLiveObjects: 0.364900 ms CreateObjectMapping: 0.246500 ms MarkObjects: 2.371600 ms  DeleteObjects: 0.127600 ms)

========================================================================
Received Prepare
Registering precompiled user dll's ...
Registered in 0.004119 seconds.
Begin MonoManager ReloadAssembly
Native extension for WindowsStandalone target not found
Refreshing native plugins compatible for Editor in 0.67 ms, found 2 plugins.
Preloading 0 native plugins for Editor in 0.00 ms.
Mono: successfully reloaded assembly
- Completed reload, in  1.635 seconds
Platform modules already initialized, skipping
Refreshing native plugins compatible for Editor in 0.63 ms, found 2 plugins.
Preloading 0 native plugins for Editor in 0.00 ms.
Unloading 3362 Unused Serialized files (Serialized files now loaded: 0)
System memory in use before: 131.2 MB.
System memory in use after: 131.4 MB.

Unloading 17 unused Assets to reduce memory usage. Loaded Objects now: 3833.
Total: 3.222600 ms (FindLiveObjects: 0.432000 ms CreateObjectMapping: 0.232400 ms MarkObjects: 2.447700 ms  DeleteObjects: 0.108700 ms)

========================================================================
Received Import Request.
  Time since last request: 132.403751 seconds.
  path: Assets/Scripts/ZombieSpawnerScript.cs
  artifactKey: Guid(06870b3169ba8c14db3e4131f470954d) Importer(815301076,1909f56bfc062723c751e8b465ee728b)
Start importing Assets/Scripts/ZombieSpawnerScript.cs using Guid(06870b3169ba8c14db3e4131f470954d) Importer(815301076,1909f56bfc062723c751e8b465ee728b)  -> (artifact id: '4c6fb77b42fff9bb5f82cf89aceef59f') in 0.030056 seconds 
========================================================================
Received Prepare
Registering precompiled user dll's ...
Registered in 0.004974 seconds.
Begin MonoManager ReloadAssembly
Native extension for WindowsStandalone target not found
Refreshing native plugins compatible for Editor in 0.63 ms, found 2 plugins.
Preloading 0 native plugins for Editor in 0.00 ms.
Mono: successfully reloaded assembly
- Completed reload, in  1.247 seconds
Platform modules already initialized, skipping
Refreshing native plugins compatible for Editor in 1.50 ms, found 2 plugins.
Preloading 0 native plugins for Editor in 0.00 ms.
Unloading 3362 Unused Serialized files (Serialized files now loaded: 0)
System memory in use before: 131.3 MB.
System memory in use after: 131.4 MB.

Unloading 17 unused Assets to reduce memory usage. Loaded Objects now: 3837.
Total: 3.547900 ms (FindLiveObjects: 0.530000 ms CreateObjectMapping: 0.307000 ms MarkObjects: 2.603600 ms  DeleteObjects: 0.105700 ms)

========================================================================
Received Import Request.
  Time since last request: 26.585224 seconds.
  path: Assets/Scripts/ZombieSpawnerScript.cs
  artifactKey: Guid(06870b3169ba8c14db3e4131f470954d) Importer(815301076,1909f56bfc062723c751e8b465ee728b)
Start importing Assets/Scripts/ZombieSpawnerScript.cs using Guid(06870b3169ba8c14db3e4131f470954d) Importer(815301076,1909f56bfc062723c751e8b465ee728b)  -> (artifact id: 'e20247066d8d1fc5ba21170c9ba2cfb8') in 0.007615 seconds 
========================================================================
Received Prepare
Registering precompiled user dll's ...
Registered in 0.003569 seconds.
Begin MonoManager ReloadAssembly
Native extension for WindowsStandalone target not found
Refreshing native plugins compatible for Editor in 0.74 ms, found 2 plugins.
Preloading 0 native plugins for Editor in 0.00 ms.
Mono: successfully reloaded assembly
- Completed reload, in  1.611 seconds
Platform modules already initialized, skipping
Refreshing native plugins compatible for Editor in 0.86 ms, found 2 plugins.
Preloading 0 native plugins for Editor in 0.00 ms.
Unloading 3362 Unused Serialized files (Serialized files now loaded: 0)
System memory in use before: 131.3 MB.
System memory in use after: 131.4 MB.

Unloading 17 unused Assets to reduce memory usage. Loaded Objects now: 3841.
Total: 5.094800 ms (FindLiveObjects: 0.292100 ms CreateObjectMapping: 0.325200 ms MarkObjects: 4.186000 ms  DeleteObjects: 0.290100 ms)

========================================================================
Received Import Request.
  Time since last request: 107.205472 seconds.
  path: Assets/Scripts/ZombieSpawnerScript.cs
  artifactKey: Guid(06870b3169ba8c14db3e4131f470954d) Importer(815301076,1909f56bfc062723c751e8b465ee728b)
Start importing Assets/Scripts/ZombieSpawnerScript.cs using Guid(06870b3169ba8c14db3e4131f470954d) Importer(815301076,1909f56bfc062723c751e8b465ee728b)  -> (artifact id: 'daaf32be59e85bc0fa222627601fd430') in 0.039138 seconds 
========================================================================
Received Prepare
Registering precompiled user dll's ...
Registered in 0.003822 seconds.
Begin MonoManager ReloadAssembly
Native extension for WindowsStandalone target not found
Refreshing native plugins compatible for Editor in 1.59 ms, found 2 plugins.
Preloading 0 native plugins for Editor in 0.00 ms.
Mono: successfully reloaded assembly
- Completed reload, in  1.827 seconds
Platform modules already initialized, skipping
Refreshing native plugins compatible for Editor in 0.67 ms, found 2 plugins.
Preloading 0 native plugins for Editor in 0.00 ms.
Unloading 3362 Unused Serialized files (Serialized files now loaded: 0)
System memory in use before: 131.3 MB.
System memory in use after: 131.4 MB.

Unloading 17 unused Assets to reduce memory usage. Loaded Objects now: 3845.
Total: 3.142000 ms (FindLiveObjects: 0.447600 ms CreateObjectMapping: 0.272500 ms MarkObjects: 2.304500 ms  DeleteObjects: 0.115300 ms)

========================================================================
Received Prepare
Registering precompiled user dll's ...
Registered in 0.008974 seconds.
Begin MonoManager ReloadAssembly
Native extension for WindowsStandalone target not found
Refreshing native plugins compatible for Editor in 1.24 ms, found 2 plugins.
Preloading 0 native plugins for Editor in 0.00 ms.
Mono: successfully reloaded assembly
- Completed reload, in  2.469 seconds
Platform modules already initialized, skipping
Refreshing native plugins compatible for Editor in 1.65 ms, found 2 plugins.
Preloading 0 native plugins for Editor in 0.00 ms.
Unloading 3362 Unused Serialized files (Serialized files now loaded: 0)
System memory in use before: 131.3 MB.
System memory in use after: 131.4 MB.

Unloading 17 unused Assets to reduce memory usage. Loaded Objects now: 3849.
Total: 7.148600 ms (FindLiveObjects: 0.710200 ms CreateObjectMapping: 0.351800 ms MarkObjects: 5.946000 ms  DeleteObjects: 0.138400 ms)

========================================================================
Received Prepare
Registering precompiled user dll's ...
Registered in 0.003478 seconds.
Begin MonoManager ReloadAssembly
Native extension for WindowsStandalone target not found
Refreshing native plugins compatible for Editor in 0.67 ms, found 2 plugins.
Preloading 0 native plugins for Editor in 0.00 ms.
Mono: successfully reloaded assembly
- Completed reload, in  1.233 seconds
Platform modules already initialized, skipping
Refreshing native plugins compatible for Editor in 5.82 ms, found 2 plugins.
Preloading 0 native plugins for Editor in 0.00 ms.
Unloading 3362 Unused Serialized files (Serialized files now loaded: 0)
System memory in use before: 131.3 MB.
System memory in use after: 131.4 MB.

Unloading 17 unused Assets to reduce memory usage. Loaded Objects now: 3853.
Total: 3.794900 ms (FindLiveObjects: 0.702400 ms CreateObjectMapping: 0.289600 ms MarkObjects: 2.697400 ms  DeleteObjects: 0.103400 ms)

========================================================================
Received Prepare
Registering precompiled user dll's ...
Registered in 0.005157 seconds.
Begin MonoManager ReloadAssembly
Native extension for WindowsStandalone target not found
Refreshing native plugins compatible for Editor in 0.83 ms, found 2 plugins.
Preloading 0 native plugins for Editor in 0.00 ms.
Mono: successfully reloaded assembly
- Completed reload, in  1.692 seconds
Platform modules already initialized, skipping
Refreshing native plugins compatible for Editor in 0.68 ms, found 2 plugins.
Preloading 0 native plugins for Editor in 0.00 ms.
Unloading 3362 Unused Serialized files (Serialized files now loaded: 0)
System memory in use before: 131.3 MB.
System memory in use after: 131.4 MB.

Unloading 17 unused Assets to reduce memory usage. Loaded Objects now: 3857.
Total: 3.002400 ms (FindLiveObjects: 0.402600 ms CreateObjectMapping: 0.265500 ms MarkObjects: 2.231500 ms  DeleteObjects: 0.101800 ms)

========================================================================
Received Prepare
Registering precompiled user dll's ...
Registered in 0.003606 seconds.
Begin MonoManager ReloadAssembly
Native extension for WindowsStandalone target not found
Refreshing native plugins compatible for Editor in 0.67 ms, found 2 plugins.
Preloading 0 native plugins for Editor in 0.00 ms.
Mono: successfully reloaded assembly
- Completed reload, in  1.237 seconds
Platform modules already initialized, skipping
Refreshing native plugins compatible for Editor in 0.64 ms, found 2 plugins.
Preloading 0 native plugins for Editor in 0.00 ms.
Unloading 3362 Unused Serialized files (Serialized files now loaded: 0)
System memory in use before: 131.3 MB.
System memory in use after: 131.4 MB.

Unloading 17 unused Assets to reduce memory usage. Loaded Objects now: 3861.
Total: 3.251300 ms (FindLiveObjects: 0.399800 ms CreateObjectMapping: 0.323800 ms MarkObjects: 2.421400 ms  DeleteObjects: 0.105000 ms)

========================================================================
Received Prepare
Registering precompiled user dll's ...
Registered in 0.007412 seconds.
Begin MonoManager ReloadAssembly
Native extension for WindowsStandalone target not found
Refreshing native plugins compatible for Editor in 0.74 ms, found 2 plugins.
Preloading 0 native plugins for Editor in 0.00 ms.
Mono: successfully reloaded assembly
- Completed reload, in  1.402 seconds
Platform modules already initialized, skipping
Refreshing native plugins compatible for Editor in 0.65 ms, found 2 plugins.
Preloading 0 native plugins for Editor in 0.00 ms.
Unloading 3362 Unused Serialized files (Serialized files now loaded: 0)
System memory in use before: 131.3 MB.
System memory in use after: 131.5 MB.

Unloading 17 unused Assets to reduce memory usage. Loaded Objects now: 3865.
Total: 3.060600 ms (FindLiveObjects: 0.338300 ms CreateObjectMapping: 0.230900 ms MarkObjects: 2.331100 ms  DeleteObjects: 0.159300 ms)

========================================================================
Received Prepare
Registering precompiled user dll's ...
Registered in 0.003595 seconds.
Begin MonoManager ReloadAssembly
Native extension for WindowsStandalone target not found
Refreshing native plugins compatible for Editor in 0.79 ms, found 2 plugins.
Preloading 0 native plugins for Editor in 0.00 ms.
Mono: successfully reloaded assembly
- Completed reload, in  1.341 seconds
Platform modules already initialized, skipping
Refreshing native plugins compatible for Editor in 0.66 ms, found 2 plugins.
Preloading 0 native plugins for Editor in 0.00 ms.
Unloading 3362 Unused Serialized files (Serialized files now loaded: 0)
System memory in use before: 131.4 MB.
System memory in use after: 131.5 MB.

Unloading 17 unused Assets to reduce memory usage. Loaded Objects now: 3869.
Total: 2.889000 ms (FindLiveObjects: 0.395500 ms CreateObjectMapping: 0.212600 ms MarkObjects: 2.179000 ms  DeleteObjects: 0.100700 ms)

========================================================================
Received Prepare
Registering precompiled user dll's ...
Registered in 0.003708 seconds.
Begin MonoManager ReloadAssembly
Native extension for WindowsStandalone target not found
Refreshing native plugins compatible for Editor in 1.23 ms, found 2 plugins.
Preloading 0 native plugins for Editor in 0.00 ms.
Mono: successfully reloaded assembly
- Completed reload, in  1.477 seconds
Platform modules already initialized, skipping
Refreshing native plugins compatible for Editor in 1.03 ms, found 2 plugins.
Preloading 0 native plugins for Editor in 0.00 ms.
Unloading 3362 Unused Serialized files (Serialized files now loaded: 0)
System memory in use before: 131.4 MB.
System memory in use after: 131.5 MB.

Unloading 17 unused Assets to reduce memory usage. Loaded Objects now: 3873.
Total: 3.768800 ms (FindLiveObjects: 0.431700 ms CreateObjectMapping: 0.296200 ms MarkObjects: 2.936900 ms  DeleteObjects: 0.102700 ms)

========================================================================
Received Prepare
Registering precompiled user dll's ...
Registered in 0.004369 seconds.
Begin MonoManager ReloadAssembly
Native extension for WindowsStandalone target not found
Refreshing native plugins compatible for Editor in 0.67 ms, found 2 plugins.
Preloading 0 native plugins for Editor in 0.00 ms.
Mono: successfully reloaded assembly
- Completed reload, in  1.353 seconds
Platform modules already initialized, skipping
Refreshing native plugins compatible for Editor in 1.12 ms, found 2 plugins.
Preloading 0 native plugins for Editor in 0.00 ms.
Unloading 3362 Unused Serialized files (Serialized files now loaded: 0)
System memory in use before: 131.4 MB.
System memory in use after: 131.5 MB.

Unloading 17 unused Assets to reduce memory usage. Loaded Objects now: 3877.
Total: 5.473500 ms (FindLiveObjects: 0.451500 ms CreateObjectMapping: 0.298500 ms MarkObjects: 4.578800 ms  DeleteObjects: 0.142900 ms)

========================================================================
Received Prepare
Registering precompiled user dll's ...
Registered in 0.003573 seconds.
Begin MonoManager ReloadAssembly
Native extension for WindowsStandalone target not found
Refreshing native plugins compatible for Editor in 0.82 ms, found 2 plugins.
Preloading 0 native plugins for Editor in 0.00 ms.
Mono: successfully reloaded assembly
- Completed reload, in  1.930 seconds
Platform modules already initialized, skipping
Refreshing native plugins compatible for Editor in 0.85 ms, found 2 plugins.
Preloading 0 native plugins for Editor in 0.00 ms.
Unloading 3362 Unused Serialized files (Serialized files now loaded: 0)
System memory in use before: 131.4 MB.
System memory in use after: 131.5 MB.

Unloading 17 unused Assets to reduce memory usage. Loaded Objects now: 3881.
Total: 5.046600 ms (FindLiveObjects: 0.452800 ms CreateObjectMapping: 0.304500 ms MarkObjects: 4.161000 ms  DeleteObjects: 0.126700 ms)

========================================================================
Received Prepare
Registering precompiled user dll's ...
Registered in 0.004912 seconds.
Begin MonoManager ReloadAssembly
Native extension for WindowsStandalone target not found
Refreshing native plugins compatible for Editor in 0.88 ms, found 2 plugins.
Preloading 0 native plugins for Editor in 0.00 ms.
Mono: successfully reloaded assembly
- Completed reload, in  1.228 seconds
Platform modules already initialized, skipping
Refreshing native plugins compatible for Editor in 0.66 ms, found 2 plugins.
Preloading 0 native plugins for Editor in 0.00 ms.
Unloading 3362 Unused Serialized files (Serialized files now loaded: 0)
System memory in use before: 131.4 MB.
System memory in use after: 131.5 MB.

Unloading 17 unused Assets to reduce memory usage. Loaded Objects now: 3885.
Total: 2.998400 ms (FindLiveObjects: 0.407500 ms CreateObjectMapping: 0.410200 ms MarkObjects: 2.073600 ms  DeleteObjects: 0.106300 ms)

========================================================================
Received Prepare
Registering precompiled user dll's ...
Registered in 0.003693 seconds.
Begin MonoManager ReloadAssembly
Native extension for WindowsStandalone target not found
Refreshing native plugins compatible for Editor in 0.75 ms, found 2 plugins.
Preloading 0 native plugins for Editor in 0.00 ms.
Mono: successfully reloaded assembly
- Completed reload, in  1.213 seconds
Platform modules already initialized, skipping
Refreshing native plugins compatible for Editor in 0.71 ms, found 2 plugins.
Preloading 0 native plugins for Editor in 0.00 ms.
Unloading 3362 Unused Serialized files (Serialized files now loaded: 0)
System memory in use before: 131.4 MB.
System memory in use after: 131.5 MB.

Unloading 17 unused Assets to reduce memory usage. Loaded Objects now: 3889.
Total: 2.899500 ms (FindLiveObjects: 0.305800 ms CreateObjectMapping: 0.210500 ms MarkObjects: 2.273100 ms  DeleteObjects: 0.109000 ms)

========================================================================
Received Import Request.
  Time since last request: 1159.581963 seconds.
  path: Assets/Scripts/ZombieSpawnerScript.cs
  artifactKey: Guid(06870b3169ba8c14db3e4131f470954d) Importer(815301076,1909f56bfc062723c751e8b465ee728b)
Start importing Assets/Scripts/ZombieSpawnerScript.cs using Guid(06870b3169ba8c14db3e4131f470954d) Importer(815301076,1909f56bfc062723c751e8b465ee728b)  -> (artifact id: '1b7bc7d341772db7d78cfa2b49bc3f1a') in 0.009857 seconds 
========================================================================
Received Prepare
Registering precompiled user dll's ...
Registered in 0.003635 seconds.
Begin MonoManager ReloadAssembly
Native extension for WindowsStandalone target not found
Refreshing native plugins compatible for Editor in 0.67 ms, found 2 plugins.
Preloading 0 native plugins for Editor in 0.00 ms.
Mono: successfully reloaded assembly
- Completed reload, in  1.143 seconds
Platform modules already initialized, skipping
Refreshing native plugins compatible for Editor in 0.65 ms, found 2 plugins.
Preloading 0 native plugins for Editor in 0.00 ms.
Unloading 3362 Unused Serialized files (Serialized files now loaded: 0)
System memory in use before: 131.4 MB.
System memory in use after: 131.5 MB.

Unloading 17 unused Assets to reduce memory usage. Loaded Objects now: 3893.
Total: 3.359300 ms (FindLiveObjects: 0.798500 ms CreateObjectMapping: 0.333500 ms MarkObjects: 2.125900 ms  DeleteObjects: 0.099800 ms)

AssetImportWorkerClient::OnTransportError - code=2 error=End of file
